#
# There is insufficient memory for the Java Runtime Environment to continue.
# Native memory allocation (mmap) failed to map 132120576 bytes for G1 virtual space
# Possible reasons:
#   The system is out of physical RAM or swap space
#   The process is running with CompressedOops enabled, and the Java Heap may be blocking the growth of the native heap
# Possible solutions:
#   Reduce memory load on the system
#   Increase physical memory or swap space
#   Check if swap backing store is full
#   Decrease Java heap size (-Xmx/-Xms)
#   Decrease number of Java threads
#   Decrease Java thread stack sizes (-Xss)
#   Set larger code cache with -XX:ReservedCodeCacheSize=
#   JVM is running with Unscaled Compressed Oops mode in which the Java heap is
#     placed in the first 4GB address space. The Java Heap base address is the
#     maximum limit for the native heap growth. Please use -XX:HeapBaseMinAddress
#     to set the Java Heap base and to place the Java Heap above 4GB virtual address.
# This output file may be truncated or incomplete.
#
#  Out of Memory Error (os_windows.cpp:3617), pid=13572, tid=25168
#
# JRE version:  (17.0.8+7) (build )
# Java VM: OpenJDK 64-Bit Server VM (17.0.8+7-LTS, mixed mode, sharing, tiered, compressed oops, compressed class ptrs, g1 gc, windows-amd64)
# No core dump will be written. Minidumps are not enabled by default on client versions of Windows
#

---------------  S U M M A R Y ------------

Command Line: -Dclassworlds.conf=C:\Users\Gabriel Xavier\Downloads\apache-maven-3.9.6\bin\m2.conf -Dmaven.home=C:\Users\Gabriel Xavier\Downloads\apache-maven-3.9.6 -Dlibrary.jansi.path=C:\Users\Gabriel Xavier\Downloads\apache-maven-3.9.6\lib\jansi-native -Dmaven.multiModuleProjectDirectory=E:\IFPB\gustavop6\ejp-com-mensageria\pratica-ejb-2-bancos org.codehaus.plexus.classworlds.launcher.Launcher clean -f e:\IFPB\gustavop6\ejp-com-mensageria\pratica-ejb-2-bancos\pom.xml

Host: Intel(R) Core(TM) i7-8550U CPU @ 1.80GHz, 8 cores, 7G,  Windows 10 , 64 bit Build 19041 (10.0.19041.4597)
Time: Mon Aug 12 15:19:18 2024 Hora oficial do Brasil elapsed time: 0.048061 seconds (0d 0h 0m 0s)

---------------  T H R E A D  ---------------

Current thread (0x0000016329903360):  JavaThread "Unknown thread" [_thread_in_vm, id=25168, stack(0x0000004e8be00000,0x0000004e8bf00000)]

Stack: [0x0000004e8be00000,0x0000004e8bf00000]
Native frames: (J=compiled Java code, j=interpreted, Vv=VM code, C=native code)
V  [jvm.dll+0x67e01a]
V  [jvm.dll+0x83be54]
V  [jvm.dll+0x83d5fe]
V  [jvm.dll+0x83dc63]
V  [jvm.dll+0x24b18f]
V  [jvm.dll+0x67ad89]
V  [jvm.dll+0x66f61a]
V  [jvm.dll+0x30a85b]
V  [jvm.dll+0x311d06]
V  [jvm.dll+0x36223e]
V  [jvm.dll+0x36246f]
V  [jvm.dll+0x2e17f8]
V  [jvm.dll+0x2e2764]
V  [jvm.dll+0x80dae1]
V  [jvm.dll+0x370001]
V  [jvm.dll+0x7ecddc]
V  [jvm.dll+0x3f2d3f]
V  [jvm.dll+0x3f4951]
C  [jli.dll+0x532f]
C  [ucrtbase.dll+0x21bb2]
C  [KERNEL32.DLL+0x17374]
C  [ntdll.dll+0x4cc91]


---------------  P R O C E S S  ---------------

Threads class SMR info:
_java_thread_list=0x00007ff983bf60d8, length=0, elements={
}

Java Threads: ( => current thread )

Other Threads:
  0x000001632995c430 GCTaskThread "GC Thread#0" [stack: 0x0000004e8bf00000,0x0000004e8c000000] [id=32944]
  0x000001632996dea0 ConcurrentGCThread "G1 Main Marker" [stack: 0x0000004e8c000000,0x0000004e8c100000] [id=18620]
  0x000001632996e7d0 ConcurrentGCThread "G1 Conc#0" [stack: 0x0000004e8c100000,0x0000004e8c200000] [id=16348]

[error occurred during error reporting (printing all threads), id 0xc0000005, EXCEPTION_ACCESS_VIOLATION (0xc0000005) at pc=0x00007ff9833b2187]

VM state: not at safepoint (not fully initialized)

VM Mutex/Monitor currently owned by a thread:  ([mutex/lock_event])
[0x00000163298feaa0] Heap_lock - owner thread: 0x0000016329903360

Heap address: 0x0000000082000000, size: 2016 MB, Compressed Oops mode: 32-bit

CDS archive(s) mapped at: [0x0000000000000000-0x0000000000000000-0x0000000000000000), size 0, SharedBaseAddress: 0x0000000800000000, ArchiveRelocationMode: 1.
Narrow klass base: 0x0000000000000000, Narrow klass shift: 0, Narrow klass range: 0x0

GC Precious Log:
<Empty>

Heap:
 garbage-first heap   total 0K, used 0K [0x0000000082000000, 0x0000000100000000)
  region size 1024K, 0 young (0K), 0 survivors (0K)

[error occurred during error reporting (printing heap information), id 0xc0000005, EXCEPTION_ACCESS_VIOLATION (0xc0000005) at pc=0x00007ff983797cd9]

GC Heap History (0 events):
No events

Dll operation events (1 events):
Event: 0.007 Loaded shared library C:\Program Files\Java\zulu17.44.15-ca-jdk17.0.8-win_x64\bin\java.dll

Deoptimization events (0 events):
No events

Classes unloaded (0 events):
No events

Classes redefined (0 events):
No events

Internal exceptions (0 events):
No events

VM Operations (0 events):
No events

Events (0 events):
No events


Dynamic libraries:
0x00007ff722c80000 - 0x00007ff722c8e000 	C:\Program Files\Java\zulu17.44.15-ca-jdk17.0.8-win_x64\bin\java.exe
0x00007ffa1f3b0000 - 0x00007ffa1f5a8000 	C:\Windows\SYSTEM32\ntdll.dll
0x00007ffa1e9d0000 - 0x00007ffa1ea91000 	C:\Windows\System32\KERNEL32.DLL
0x00007ffa1cd40000 - 0x00007ffa1d036000 	C:\Windows\System32\KERNELBASE.dll
0x00007ffa1d0b0000 - 0x00007ffa1d1b0000 	C:\Windows\System32\ucrtbase.dll
0x00007ff9f43f0000 - 0x00007ff9f440b000 	C:\Program Files\Java\zulu17.44.15-ca-jdk17.0.8-win_x64\bin\VCRUNTIME140.dll
0x00007ff9f5750000 - 0x00007ff9f5769000 	C:\Program Files\Java\zulu17.44.15-ca-jdk17.0.8-win_x64\bin\jli.dll
0x00007ffa1e7b0000 - 0x00007ffa1e94f000 	C:\Windows\System32\USER32.dll
0x00007ffa1d260000 - 0x00007ffa1d282000 	C:\Windows\System32\win32u.dll
0x00007ffa1e090000 - 0x00007ffa1e0bb000 	C:\Windows\System32\GDI32.dll
0x00007ffa1d2c0000 - 0x00007ffa1d3d7000 	C:\Windows\System32\gdi32full.dll
0x00007ffa1cca0000 - 0x00007ffa1cd3d000 	C:\Windows\System32\msvcp_win.dll
0x00007ffa11600000 - 0x00007ffa1189a000 	C:\Windows\WinSxS\amd64_microsoft.windows.common-controls_6595b64144ccf1df_6.0.19041.4355_none_60b8b9eb71f62e16\COMCTL32.dll
0x00007ffa1eca0000 - 0x00007ffa1ed3e000 	C:\Windows\System32\msvcrt.dll
0x00007ffa1eaa0000 - 0x00007ffa1eacf000 	C:\Windows\System32\IMM32.DLL
0x00007ff9f89a0000 - 0x00007ff9f89ac000 	C:\Program Files\Java\zulu17.44.15-ca-jdk17.0.8-win_x64\bin\vcruntime140_1.dll
0x00007ff9e5430000 - 0x00007ff9e54bd000 	C:\Program Files\Java\zulu17.44.15-ca-jdk17.0.8-win_x64\bin\msvcp140.dll
0x00007ff9830c0000 - 0x00007ff983d28000 	C:\Program Files\Java\zulu17.44.15-ca-jdk17.0.8-win_x64\bin\server\jvm.dll
0x00007ffa1e6a0000 - 0x00007ffa1e750000 	C:\Windows\System32\ADVAPI32.dll
0x00007ffa1dff0000 - 0x00007ffa1e090000 	C:\Windows\System32\sechost.dll
0x00007ffa1e570000 - 0x00007ffa1e693000 	C:\Windows\System32\RPCRT4.dll
0x00007ffa1d290000 - 0x00007ffa1d2b7000 	C:\Windows\System32\bcrypt.dll
0x00007ffa0e1a0000 - 0x00007ffa0e1a9000 	C:\Windows\SYSTEM32\WSOCK32.dll
0x00007ffa1bfa0000 - 0x00007ffa1bfeb000 	C:\Windows\SYSTEM32\POWRPROF.dll
0x00007ffa10cb0000 - 0x00007ffa10cd7000 	C:\Windows\SYSTEM32\WINMM.dll
0x00007ffa1e950000 - 0x00007ffa1e9bb000 	C:\Windows\System32\WS2_32.dll
0x00007ffa15ae0000 - 0x00007ffa15aea000 	C:\Windows\SYSTEM32\VERSION.dll
0x00007ffa1be10000 - 0x00007ffa1be22000 	C:\Windows\SYSTEM32\UMPDC.dll
0x00007ffa1b280000 - 0x00007ffa1b292000 	C:\Windows\SYSTEM32\kernel.appcore.dll
0x00007ffa184c0000 - 0x00007ffa184ca000 	C:\Program Files\Java\zulu17.44.15-ca-jdk17.0.8-win_x64\bin\jimage.dll
0x00007ffa1af40000 - 0x00007ffa1b124000 	C:\Windows\SYSTEM32\DBGHELP.DLL
0x00007ff9f7680000 - 0x00007ff9f76b4000 	C:\Windows\SYSTEM32\dbgcore.DLL
0x00007ffa1ca60000 - 0x00007ffa1cae2000 	C:\Windows\System32\bcryptPrimitives.dll
0x00007ff9f0610000 - 0x00007ff9f0635000 	C:\Program Files\Java\zulu17.44.15-ca-jdk17.0.8-win_x64\bin\java.dll

dbghelp: loaded successfully - version: 4.0.5 - missing functions: none
symbol engine: initialized successfully - sym options: 0x614 - pdb path: .;C:\Program Files\Java\zulu17.44.15-ca-jdk17.0.8-win_x64\bin;C:\Windows\SYSTEM32;C:\Windows\WinSxS\amd64_microsoft.windows.common-controls_6595b64144ccf1df_6.0.19041.4355_none_60b8b9eb71f62e16;C:\Program Files\Java\zulu17.44.15-ca-jdk17.0.8-win_x64\bin\server

VM Arguments:
jvm_args: -Dclassworlds.conf=C:\Users\Gabriel Xavier\Downloads\apache-maven-3.9.6\bin\m2.conf -Dmaven.home=C:\Users\Gabriel Xavier\Downloads\apache-maven-3.9.6 -Dlibrary.jansi.path=C:\Users\Gabriel Xavier\Downloads\apache-maven-3.9.6\lib\jansi-native -Dmaven.multiModuleProjectDirectory=E:\IFPB\gustavop6\ejp-com-mensageria\pratica-ejb-2-bancos 
java_command: org.codehaus.plexus.classworlds.launcher.Launcher clean -f e:\IFPB\gustavop6\ejp-com-mensageria\pratica-ejb-2-bancos\pom.xml
java_class_path (initial): C:\Users\Gabriel Xavier\Downloads\apache-maven-3.9.6\boot\plexus-classworlds-2.7.0.jar
Launcher Type: SUN_STANDARD

[Global flags]
     intx CICompilerCount                          = 4                                         {product} {ergonomic}
     uint ConcGCThreads                            = 2                                         {product} {ergonomic}
     uint G1ConcRefinementThreads                  = 8                                         {product} {ergonomic}
   size_t G1HeapRegionSize                         = 1048576                                   {product} {ergonomic}
    uintx GCDrainStackTargetSize                   = 64                                        {product} {ergonomic}
   size_t InitialHeapSize                          = 132120576                                 {product} {ergonomic}
   size_t MarkStackSize                            = 4194304                                   {product} {ergonomic}
   size_t MaxHeapSize                              = 2113929216                                {product} {ergonomic}
   size_t MinHeapDeltaBytes                        = 1048576                                   {product} {ergonomic}
   size_t MinHeapSize                              = 8388608                                   {product} {ergonomic}
    uintx NonNMethodCodeHeapSize                   = 5839372                                {pd product} {ergonomic}
    uintx NonProfiledCodeHeapSize                  = 122909434                              {pd product} {ergonomic}
    uintx ProfiledCodeHeapSize                     = 122909434                              {pd product} {ergonomic}
    uintx ReservedCodeCacheSize                    = 251658240                              {pd product} {ergonomic}
     bool SegmentedCodeCache                       = true                                      {product} {ergonomic}
   size_t SoftMaxHeapSize                          = 2113929216                             {manageable} {ergonomic}
     bool UseCompressedClassPointers               = true                           {product lp64_product} {ergonomic}
     bool UseCompressedOops                        = true                           {product lp64_product} {ergonomic}
     bool UseG1GC                                  = true                                      {product} {ergonomic}
     bool UseLargePagesIndividualAllocation        = false                                  {pd product} {ergonomic}

Logging:
Log output configuration:
 #0: stdout all=warning uptime,level,tags
 #1: stderr all=off uptime,level,tags

Environment Variables:
JAVA_HOME=C:\Program Files\Java\zulu17.44.15-ca-jdk17.0.8-win_x64
PATH=C:\Program Files\Eclipse Adoptium\jdk-17.0.8.101-hotspot\bin;C:\Program Files\Java\zulu17.44.15-ca-jdk17.0.8-win_x64\bin;C:\Python311\Scripts\;C:\Python311\;C:\Program Files (x86)\Common Files\Oracle\Java\javapath;C:\Windows\system32;C:\Windows;C:\Windows\System32\Wbem;C:\Windows\System32\WindowsPowerShell\v1.0\;C:\Windows\System32\OpenSSH\;C:\Program Files\Microsoft SQL Server\Client SDK\ODBC\170\Tools\Binn\;E:\Program Files (x86)\Microsoft SQL Server\150\Tools\Binn\;C:\Program Files\Microsoft SQL Server\150\Tools\Binn\;C:\Program Files\Microsoft SQL Server\150\DTS\Binn\;C:\Program Files\Azure Data Studio\bin;C:\ProgramData\chocolatey\bin;C:\Program Files (x86)\Yarn\bin\;E:\nodejs\;E:\Git\cmd;E:\Ruby32-x64\bin;C:\Ruby32-x64\bin;C:\Program Files\MySQL\MySQL Shell 8.0\bin\;C:\Users\Gabriel Xavier\AppData\Local\Microsoft\WindowsApps;E:\Microsoft VS Code\bin;C:\Program Files\Azure Data Studio\bin;C:\Users\Gabriel Xavier\AppData\Local\Yarn\bin;C:\Users\Gabriel Xavier\AppData\Roaming\npm;C:\Users\Gabriel Xavier\Downloads\apache-maven-3.9.6\bin
USERNAME=Gabriel Xavier
LANG=en_US.UTF-8
OS=Windows_NT
PROCESSOR_IDENTIFIER=Intel64 Family 6 Model 142 Stepping 10, GenuineIntel
TMP=C:\Users\GABRIE~1\AppData\Local\Temp
TEMP=C:\Users\GABRIE~1\AppData\Local\Temp



---------------  S Y S T E M  ---------------

OS:
 Windows 10 , 64 bit Build 19041 (10.0.19041.4597)
OS uptime: 5 days 19:30 hours
Hyper-V role detected

CPU: total 8 (initial active 8) (4 cores per cpu, 2 threads per core) family 6 model 142 stepping 10 microcode 0xd6, cx8, cmov, fxsr, ht, mmx, 3dnowpref, sse, sse2, sse3, ssse3, sse4.1, sse4.2, popcnt, lzcnt, tsc, tscinvbit, avx, avx2, aes, erms, clmul, bmi1, bmi2, adx, fma, vzeroupper, clflush, clflushopt, hv
Processor Information for all 8 processors :
  Max Mhz: 1992, Current Mhz: 1792, Mhz Limit: 1792

Memory: 4k page, system-wide physical 8056M (375M free)
TotalPageFile size 22286M (AvailPageFile size 60M)
current process WorkingSet (physical memory assigned to process): 10M, peak: 10M
current process commit charge ("private bytes"): 60M, peak: 186M

vm_info: OpenJDK 64-Bit Server VM (17.0.8+7-LTS) for windows-amd64 JRE (17.0.8+7-LTS) (Zulu17.44+15-CA), built on Jul  5 2023 07:56:11 by "zulu_re" with MS VC++ 16.10 / 16.11 (VS2019)

END.
