#
# There is insufficient memory for the Java Runtime Environment to continue.
# Native memory allocation (malloc) failed to allocate 1073792 bytes for Chunk::new
# Possible reasons:
#   The system is out of physical RAM or swap space
#   The process is running with CompressedOops enabled, and the Java Heap may be blocking the growth of the native heap
# Possible solutions:
#   Reduce memory load on the system
#   Increase physical memory or swap space
#   Check if swap backing store is full
#   Decrease Java heap size (-Xmx/-Xms)
#   Decrease number of Java threads
#   Decrease Java thread stack sizes (-Xss)
#   Set larger code cache with -XX:ReservedCodeCacheSize=
#   JVM is running with Unscaled Compressed Oops mode in which the Java heap is
#     placed in the first 4GB address space. The Java Heap base address is the
#     maximum limit for the native heap growth. Please use -XX:HeapBaseMinAddress
#     to set the Java Heap base and to place the Java Heap above 4GB virtual address.
# This output file may be truncated or incomplete.
#
#  Out of Memory Error (arena.cpp:189), pid=27036, tid=32468
#
# JRE version: OpenJDK Runtime Environment Zulu17.44+15-CA (17.0.8+7) (build 17.0.8+7-LTS)
# Java VM: OpenJDK 64-Bit Server VM Zulu17.44+15-CA (17.0.8+7-LTS, mixed mode, sharing, tiered, compressed oops, compressed class ptrs, g1 gc, windows-amd64)
# No core dump will be written. Minidumps are not enabled by default on client versions of Windows
#

---------------  S U M M A R Y ------------

Command Line: -Dclassworlds.conf=C:\Users\Gabriel Xavier\Downloads\apache-maven-3.9.6\bin\m2.conf -Dmaven.home=C:\Users\Gabriel Xavier\Downloads\apache-maven-3.9.6 -Dlibrary.jansi.path=C:\Users\Gabriel Xavier\Downloads\apache-maven-3.9.6\lib\jansi-native -Dmaven.multiModuleProjectDirectory=e:\IFPB\gustavop6\ejp-com-mensageria\pratica-ejb-2-bancos org.codehaus.plexus.classworlds.launcher.Launcher -q help:effective-pom -Doutput=e:\IFPB\gustavop6\ejp-com-mensageria\pratica-ejb-2-bancos\effective-pom.xml -f e:/IFPB/gustavop6/ejp-com-mensageria/pratica-ejb-2-bancos/pom.xml

Host: Intel(R) Core(TM) i7-8550U CPU @ 1.80GHz, 8 cores, 7G,  Windows 10 , 64 bit Build 19041 (10.0.19041.4597)
Time: Mon Aug 12 06:57:21 2024 Hora oficial do Brasil elapsed time: 4.311494 seconds (0d 0h 0m 4s)

---------------  T H R E A D  ---------------

Current thread (0x00000162a69d6890):  JavaThread "C2 CompilerThread0" daemon [_thread_in_native, id=32468, stack(0x0000005d16400000,0x0000005d16500000)]


Current CompileTask:
C2:   4311 1765   !   4       java.net.URL::<init> (543 bytes)

Stack: [0x0000005d16400000,0x0000005d16500000]
Native frames: (J=compiled Java code, j=interpreted, Vv=VM code, C=native code)
V  [jvm.dll+0x67e01a]
V  [jvm.dll+0x83be54]
V  [jvm.dll+0x83d5fe]
V  [jvm.dll+0x83dc63]
V  [jvm.dll+0x24b18f]
V  [jvm.dll+0xac3ac]
V  [jvm.dll+0xac97c]
V  [jvm.dll+0x36a1a7]
V  [jvm.dll+0x1bd698]
V  [jvm.dll+0x21a299]
V  [jvm.dll+0x219561]
V  [jvm.dll+0x1a576d]
V  [jvm.dll+0x229259]
V  [jvm.dll+0x22729c]
V  [jvm.dll+0x7f1b4c]
V  [jvm.dll+0x7ebf6a]
V  [jvm.dll+0x67ce65]
C  [ucrtbase.dll+0x21bb2]
C  [KERNEL32.DLL+0x17374]
C  [ntdll.dll+0x4cc91]


---------------  P R O C E S S  ---------------

Threads class SMR info:
_java_thread_list=0x00000162ec978290, length=13, elements={
0x0000016288624900, 0x00000162a69b9e70, 0x00000162a69bac00, 0x00000162a69d4170,
0x00000162a69d4a40, 0x00000162a69d5310, 0x00000162a69d5be0, 0x00000162a69d6890,
0x00000162a69e4770, 0x00000162a69e7090, 0x00000162a6c381c0, 0x00000162a6c3a3a0,
0x00000162ec7f5fe0
}

Java Threads: ( => current thread )
  0x0000016288624900 JavaThread "main" [_thread_in_vm, id=8252, stack(0x0000005d15700000,0x0000005d15800000)]
  0x00000162a69b9e70 JavaThread "Reference Handler" daemon [_thread_blocked, id=24460, stack(0x0000005d15e00000,0x0000005d15f00000)]
  0x00000162a69bac00 JavaThread "Finalizer" daemon [_thread_blocked, id=28544, stack(0x0000005d15f00000,0x0000005d16000000)]
  0x00000162a69d4170 JavaThread "Signal Dispatcher" daemon [_thread_blocked, id=33300, stack(0x0000005d16000000,0x0000005d16100000)]
  0x00000162a69d4a40 JavaThread "Attach Listener" daemon [_thread_blocked, id=23088, stack(0x0000005d16100000,0x0000005d16200000)]
  0x00000162a69d5310 JavaThread "Service Thread" daemon [_thread_blocked, id=24292, stack(0x0000005d16200000,0x0000005d16300000)]
  0x00000162a69d5be0 JavaThread "Monitor Deflation Thread" daemon [_thread_blocked, id=22264, stack(0x0000005d16300000,0x0000005d16400000)]
=>0x00000162a69d6890 JavaThread "C2 CompilerThread0" daemon [_thread_in_native, id=32468, stack(0x0000005d16400000,0x0000005d16500000)]
  0x00000162a69e4770 JavaThread "C1 CompilerThread0" daemon [_thread_in_vm, id=14612, stack(0x0000005d16500000,0x0000005d16600000)]
  0x00000162a69e7090 JavaThread "Sweeper thread" daemon [_thread_blocked, id=28140, stack(0x0000005d16600000,0x0000005d16700000)]
  0x00000162a6c381c0 JavaThread "Notification Thread" daemon [_thread_blocked, id=23860, stack(0x0000005d16700000,0x0000005d16800000)]
  0x00000162a6c3a3a0 JavaThread "Common-Cleaner" daemon [_thread_blocked, id=20980, stack(0x0000005d16900000,0x0000005d16a00000)]
  0x00000162ec7f5fe0 JavaThread "C2 CompilerThread1" daemon [_thread_blocked, id=26568, stack(0x0000005d17100000,0x0000005d17200000)]

Other Threads:
  0x00000162a69b2330 VMThread "VM Thread" [stack: 0x0000005d15d00000,0x0000005d15e00000] [id=3764]
  0x00000162a6c386a0 WatcherThread [stack: 0x0000005d16800000,0x0000005d16900000] [id=21960]
  0x000001628867e9e0 GCTaskThread "GC Thread#0" [stack: 0x0000005d15800000,0x0000005d15900000] [id=25488]
  0x00000162ec788de0 GCTaskThread "GC Thread#1" [stack: 0x0000005d16a00000,0x0000005d16b00000] [id=9364]
  0x00000162ec297cc0 GCTaskThread "GC Thread#2" [stack: 0x0000005d16b00000,0x0000005d16c00000] [id=9492]
  0x00000162ec5db460 GCTaskThread "GC Thread#3" [stack: 0x0000005d16c00000,0x0000005d16d00000] [id=28424]
  0x00000162ec5db720 GCTaskThread "GC Thread#4" [stack: 0x0000005d16d00000,0x0000005d16e00000] [id=19360]
  0x00000162ec5db9e0 GCTaskThread "GC Thread#5" [stack: 0x0000005d16e00000,0x0000005d16f00000] [id=22064]
  0x00000162ec5dbca0 GCTaskThread "GC Thread#6" [stack: 0x0000005d16f00000,0x0000005d17000000] [id=20836]
  0x00000162ec785bd0 GCTaskThread "GC Thread#7" [stack: 0x0000005d17000000,0x0000005d17100000] [id=13364]
  0x000001628868f440 ConcurrentGCThread "G1 Main Marker" [stack: 0x0000005d15900000,0x0000005d15a00000] [id=18032]
  0x0000016288690510 ConcurrentGCThread "G1 Conc#0" [stack: 0x0000005d15a00000,0x0000005d15b00000] [id=31252]
  0x00000162886de9d0 ConcurrentGCThread "G1 Refine#0" [stack: 0x0000005d15b00000,0x0000005d15c00000] [id=17124]
  0x00000162a686b500 ConcurrentGCThread "G1 Service" [stack: 0x0000005d15c00000,0x0000005d15d00000] [id=23376]

Threads with active compile tasks:
C2 CompilerThread0     4460 1765   !   4       java.net.URL::<init> (543 bytes)
C1 CompilerThread0     4460 2057       3       com.google.inject.internal.asm.$Type::appendDescriptor (185 bytes)

VM state: not at safepoint (normal execution)

VM Mutex/Monitor currently owned by a thread:  ([mutex/lock_event])
[0x000001628861d570] Metaspace_lock - owner thread: 0x0000016288624900
[0x000001628861f740] MethodData_lock - owner thread: 0x00000162a69e4770

Heap address: 0x0000000082000000, size: 2016 MB, Compressed Oops mode: 32-bit

CDS archive(s) mapped at: [0x00000162a7000000-0x00000162a7c00000-0x00000162a7c00000), size 12582912, SharedBaseAddress: 0x00000162a7000000, ArchiveRelocationMode: 1.
Compressed class space mapped at: 0x00000162a8000000-0x00000162e8000000, reserved size: 1073741824
Narrow klass base: 0x00000162a7000000, Narrow klass shift: 0, Narrow klass range: 0x100000000

GC Precious Log:
 CPUs: 8 total, 8 available
 Memory: 8056M
 Large Page Support: Disabled
 NUMA Support: Disabled
 Compressed Oops: Enabled (32-bit)
 Heap Region Size: 1M
 Heap Min Capacity: 8M
 Heap Initial Capacity: 126M
 Heap Max Capacity: 2016M
 Pre-touch: Disabled
 Parallel Workers: 8
 Concurrent Workers: 2
 Concurrent Refinement Workers: 8
 Periodic GC: Disabled

Heap:
 garbage-first heap   total 129024K, used 13757K [0x0000000082000000, 0x0000000100000000)
  region size 1024K, 11 young (11264K), 2 survivors (2048K)
 Metaspace       used 11551K, committed 11648K, reserved 1114112K
  class space    used 1413K, committed 1472K, reserved 1048576K

Heap Regions: E=young(eden), S=young(survivor), O=old, HS=humongous(starts), HC=humongous(continues), CS=collection set, F=free, OA=open archive, CA=closed archive, TAMS=top-at-mark-start (previous, next)
|   0|0x0000000082000000, 0x0000000082100000, 0x0000000082100000|100%| O|  |TAMS 0x0000000082000000, 0x0000000082000000| Untracked 
|   1|0x0000000082100000, 0x0000000082200000, 0x0000000082200000|100%| O|  |TAMS 0x0000000082100000, 0x0000000082100000| Untracked 
|   2|0x0000000082200000, 0x0000000082300000, 0x0000000082300000|100%| O|  |TAMS 0x0000000082200000, 0x0000000082200000| Untracked 
|   3|0x0000000082300000, 0x000000008238be00, 0x0000000082400000| 54%| O|  |TAMS 0x0000000082300000, 0x0000000082300000| Untracked 
|   4|0x0000000082400000, 0x0000000082400000, 0x0000000082500000|  0%| F|  |TAMS 0x0000000082400000, 0x0000000082400000| Untracked 
|   5|0x0000000082500000, 0x0000000082500000, 0x0000000082600000|  0%| F|  |TAMS 0x0000000082500000, 0x0000000082500000| Untracked 
|   6|0x0000000082600000, 0x0000000082600000, 0x0000000082700000|  0%| F|  |TAMS 0x0000000082600000, 0x0000000082600000| Untracked 
|   7|0x0000000082700000, 0x0000000082700000, 0x0000000082800000|  0%| F|  |TAMS 0x0000000082700000, 0x0000000082700000| Untracked 
|   8|0x0000000082800000, 0x0000000082800000, 0x0000000082900000|  0%| F|  |TAMS 0x0000000082800000, 0x0000000082800000| Untracked 
|   9|0x0000000082900000, 0x0000000082900000, 0x0000000082a00000|  0%| F|  |TAMS 0x0000000082900000, 0x0000000082900000| Untracked 
|  10|0x0000000082a00000, 0x0000000082a00000, 0x0000000082b00000|  0%| F|  |TAMS 0x0000000082a00000, 0x0000000082a00000| Untracked 
|  11|0x0000000082b00000, 0x0000000082b00000, 0x0000000082c00000|  0%| F|  |TAMS 0x0000000082b00000, 0x0000000082b00000| Untracked 
|  12|0x0000000082c00000, 0x0000000082c00000, 0x0000000082d00000|  0%| F|  |TAMS 0x0000000082c00000, 0x0000000082c00000| Untracked 
|  13|0x0000000082d00000, 0x0000000082d00000, 0x0000000082e00000|  0%| F|  |TAMS 0x0000000082d00000, 0x0000000082d00000| Untracked 
|  14|0x0000000082e00000, 0x0000000082e00000, 0x0000000082f00000|  0%| F|  |TAMS 0x0000000082e00000, 0x0000000082e00000| Untracked 
|  15|0x0000000082f00000, 0x0000000082f00000, 0x0000000083000000|  0%| F|  |TAMS 0x0000000082f00000, 0x0000000082f00000| Untracked 
|  16|0x0000000083000000, 0x0000000083000000, 0x0000000083100000|  0%| F|  |TAMS 0x0000000083000000, 0x0000000083000000| Untracked 
|  17|0x0000000083100000, 0x0000000083100000, 0x0000000083200000|  0%| F|  |TAMS 0x0000000083100000, 0x0000000083100000| Untracked 
|  18|0x0000000083200000, 0x0000000083200000, 0x0000000083300000|  0%| F|  |TAMS 0x0000000083200000, 0x0000000083200000| Untracked 
|  19|0x0000000083300000, 0x0000000083300000, 0x0000000083400000|  0%| F|  |TAMS 0x0000000083300000, 0x0000000083300000| Untracked 
|  20|0x0000000083400000, 0x0000000083400000, 0x0000000083500000|  0%| F|  |TAMS 0x0000000083400000, 0x0000000083400000| Untracked 
|  21|0x0000000083500000, 0x0000000083500000, 0x0000000083600000|  0%| F|  |TAMS 0x0000000083500000, 0x0000000083500000| Untracked 
|  22|0x0000000083600000, 0x0000000083600000, 0x0000000083700000|  0%| F|  |TAMS 0x0000000083600000, 0x0000000083600000| Untracked 
|  23|0x0000000083700000, 0x0000000083700000, 0x0000000083800000|  0%| F|  |TAMS 0x0000000083700000, 0x0000000083700000| Untracked 
|  24|0x0000000083800000, 0x0000000083800000, 0x0000000083900000|  0%| F|  |TAMS 0x0000000083800000, 0x0000000083800000| Untracked 
|  25|0x0000000083900000, 0x0000000083900000, 0x0000000083a00000|  0%| F|  |TAMS 0x0000000083900000, 0x0000000083900000| Untracked 
|  26|0x0000000083a00000, 0x0000000083a00000, 0x0000000083b00000|  0%| F|  |TAMS 0x0000000083a00000, 0x0000000083a00000| Untracked 
|  27|0x0000000083b00000, 0x0000000083b00000, 0x0000000083c00000|  0%| F|  |TAMS 0x0000000083b00000, 0x0000000083b00000| Untracked 
|  28|0x0000000083c00000, 0x0000000083c00000, 0x0000000083d00000|  0%| F|  |TAMS 0x0000000083c00000, 0x0000000083c00000| Untracked 
|  29|0x0000000083d00000, 0x0000000083d00000, 0x0000000083e00000|  0%| F|  |TAMS 0x0000000083d00000, 0x0000000083d00000| Untracked 
|  30|0x0000000083e00000, 0x0000000083e00000, 0x0000000083f00000|  0%| F|  |TAMS 0x0000000083e00000, 0x0000000083e00000| Untracked 
|  31|0x0000000083f00000, 0x0000000083f00000, 0x0000000084000000|  0%| F|  |TAMS 0x0000000083f00000, 0x0000000083f00000| Untracked 
|  32|0x0000000084000000, 0x0000000084000000, 0x0000000084100000|  0%| F|  |TAMS 0x0000000084000000, 0x0000000084000000| Untracked 
|  33|0x0000000084100000, 0x0000000084100000, 0x0000000084200000|  0%| F|  |TAMS 0x0000000084100000, 0x0000000084100000| Untracked 
|  34|0x0000000084200000, 0x0000000084200000, 0x0000000084300000|  0%| F|  |TAMS 0x0000000084200000, 0x0000000084200000| Untracked 
|  35|0x0000000084300000, 0x0000000084300000, 0x0000000084400000|  0%| F|  |TAMS 0x0000000084300000, 0x0000000084300000| Untracked 
|  36|0x0000000084400000, 0x0000000084400000, 0x0000000084500000|  0%| F|  |TAMS 0x0000000084400000, 0x0000000084400000| Untracked 
|  37|0x0000000084500000, 0x0000000084500000, 0x0000000084600000|  0%| F|  |TAMS 0x0000000084500000, 0x0000000084500000| Untracked 
|  38|0x0000000084600000, 0x0000000084600000, 0x0000000084700000|  0%| F|  |TAMS 0x0000000084600000, 0x0000000084600000| Untracked 
|  39|0x0000000084700000, 0x0000000084700000, 0x0000000084800000|  0%| F|  |TAMS 0x0000000084700000, 0x0000000084700000| Untracked 
|  40|0x0000000084800000, 0x0000000084800000, 0x0000000084900000|  0%| F|  |TAMS 0x0000000084800000, 0x0000000084800000| Untracked 
|  41|0x0000000084900000, 0x0000000084900000, 0x0000000084a00000|  0%| F|  |TAMS 0x0000000084900000, 0x0000000084900000| Untracked 
|  42|0x0000000084a00000, 0x0000000084a00000, 0x0000000084b00000|  0%| F|  |TAMS 0x0000000084a00000, 0x0000000084a00000| Untracked 
|  43|0x0000000084b00000, 0x0000000084b00000, 0x0000000084c00000|  0%| F|  |TAMS 0x0000000084b00000, 0x0000000084b00000| Untracked 
|  44|0x0000000084c00000, 0x0000000084c00000, 0x0000000084d00000|  0%| F|  |TAMS 0x0000000084c00000, 0x0000000084c00000| Untracked 
|  45|0x0000000084d00000, 0x0000000084d00000, 0x0000000084e00000|  0%| F|  |TAMS 0x0000000084d00000, 0x0000000084d00000| Untracked 
|  46|0x0000000084e00000, 0x0000000084e00000, 0x0000000084f00000|  0%| F|  |TAMS 0x0000000084e00000, 0x0000000084e00000| Untracked 
|  47|0x0000000084f00000, 0x0000000084f00000, 0x0000000085000000|  0%| F|  |TAMS 0x0000000084f00000, 0x0000000084f00000| Untracked 
|  48|0x0000000085000000, 0x0000000085000000, 0x0000000085100000|  0%| F|  |TAMS 0x0000000085000000, 0x0000000085000000| Untracked 
|  49|0x0000000085100000, 0x0000000085100000, 0x0000000085200000|  0%| F|  |TAMS 0x0000000085100000, 0x0000000085100000| Untracked 
|  50|0x0000000085200000, 0x0000000085200000, 0x0000000085300000|  0%| F|  |TAMS 0x0000000085200000, 0x0000000085200000| Untracked 
|  51|0x0000000085300000, 0x0000000085300000, 0x0000000085400000|  0%| F|  |TAMS 0x0000000085300000, 0x0000000085300000| Untracked 
|  52|0x0000000085400000, 0x0000000085400000, 0x0000000085500000|  0%| F|  |TAMS 0x0000000085400000, 0x0000000085400000| Untracked 
|  53|0x0000000085500000, 0x0000000085500000, 0x0000000085600000|  0%| F|  |TAMS 0x0000000085500000, 0x0000000085500000| Untracked 
|  54|0x0000000085600000, 0x0000000085600000, 0x0000000085700000|  0%| F|  |TAMS 0x0000000085600000, 0x0000000085600000| Untracked 
|  55|0x0000000085700000, 0x0000000085700000, 0x0000000085800000|  0%| F|  |TAMS 0x0000000085700000, 0x0000000085700000| Untracked 
|  56|0x0000000085800000, 0x0000000085800000, 0x0000000085900000|  0%| F|  |TAMS 0x0000000085800000, 0x0000000085800000| Untracked 
|  57|0x0000000085900000, 0x0000000085900000, 0x0000000085a00000|  0%| F|  |TAMS 0x0000000085900000, 0x0000000085900000| Untracked 
|  58|0x0000000085a00000, 0x0000000085a00000, 0x0000000085b00000|  0%| F|  |TAMS 0x0000000085a00000, 0x0000000085a00000| Untracked 
|  59|0x0000000085b00000, 0x0000000085b00000, 0x0000000085c00000|  0%| F|  |TAMS 0x0000000085b00000, 0x0000000085b00000| Untracked 
|  60|0x0000000085c00000, 0x0000000085c00000, 0x0000000085d00000|  0%| F|  |TAMS 0x0000000085c00000, 0x0000000085c00000| Untracked 
|  61|0x0000000085d00000, 0x0000000085d00000, 0x0000000085e00000|  0%| F|  |TAMS 0x0000000085d00000, 0x0000000085d00000| Untracked 
|  62|0x0000000085e00000, 0x0000000085e00000, 0x0000000085f00000|  0%| F|  |TAMS 0x0000000085e00000, 0x0000000085e00000| Untracked 
|  63|0x0000000085f00000, 0x0000000085f00000, 0x0000000086000000|  0%| F|  |TAMS 0x0000000085f00000, 0x0000000085f00000| Untracked 
|  64|0x0000000086000000, 0x0000000086000000, 0x0000000086100000|  0%| F|  |TAMS 0x0000000086000000, 0x0000000086000000| Untracked 
|  65|0x0000000086100000, 0x0000000086100000, 0x0000000086200000|  0%| F|  |TAMS 0x0000000086100000, 0x0000000086100000| Untracked 
|  66|0x0000000086200000, 0x0000000086200000, 0x0000000086300000|  0%| F|  |TAMS 0x0000000086200000, 0x0000000086200000| Untracked 
|  67|0x0000000086300000, 0x0000000086300000, 0x0000000086400000|  0%| F|  |TAMS 0x0000000086300000, 0x0000000086300000| Untracked 
|  68|0x0000000086400000, 0x0000000086400000, 0x0000000086500000|  0%| F|  |TAMS 0x0000000086400000, 0x0000000086400000| Untracked 
|  69|0x0000000086500000, 0x0000000086500000, 0x0000000086600000|  0%| F|  |TAMS 0x0000000086500000, 0x0000000086500000| Untracked 
|  70|0x0000000086600000, 0x0000000086600000, 0x0000000086700000|  0%| F|  |TAMS 0x0000000086600000, 0x0000000086600000| Untracked 
|  71|0x0000000086700000, 0x0000000086700000, 0x0000000086800000|  0%| F|  |TAMS 0x0000000086700000, 0x0000000086700000| Untracked 
|  72|0x0000000086800000, 0x0000000086800000, 0x0000000086900000|  0%| F|  |TAMS 0x0000000086800000, 0x0000000086800000| Untracked 
|  73|0x0000000086900000, 0x0000000086900000, 0x0000000086a00000|  0%| F|  |TAMS 0x0000000086900000, 0x0000000086900000| Untracked 
|  74|0x0000000086a00000, 0x0000000086a00000, 0x0000000086b00000|  0%| F|  |TAMS 0x0000000086a00000, 0x0000000086a00000| Untracked 
|  75|0x0000000086b00000, 0x0000000086b00000, 0x0000000086c00000|  0%| F|  |TAMS 0x0000000086b00000, 0x0000000086b00000| Untracked 
|  76|0x0000000086c00000, 0x0000000086c00000, 0x0000000086d00000|  0%| F|  |TAMS 0x0000000086c00000, 0x0000000086c00000| Untracked 
|  77|0x0000000086d00000, 0x0000000086d00000, 0x0000000086e00000|  0%| F|  |TAMS 0x0000000086d00000, 0x0000000086d00000| Untracked 
|  78|0x0000000086e00000, 0x0000000086e00000, 0x0000000086f00000|  0%| F|  |TAMS 0x0000000086e00000, 0x0000000086e00000| Untracked 
|  79|0x0000000086f00000, 0x0000000086f00000, 0x0000000087000000|  0%| F|  |TAMS 0x0000000086f00000, 0x0000000086f00000| Untracked 
|  80|0x0000000087000000, 0x0000000087000000, 0x0000000087100000|  0%| F|  |TAMS 0x0000000087000000, 0x0000000087000000| Untracked 
|  81|0x0000000087100000, 0x0000000087100000, 0x0000000087200000|  0%| F|  |TAMS 0x0000000087100000, 0x0000000087100000| Untracked 
|  82|0x0000000087200000, 0x0000000087200000, 0x0000000087300000|  0%| F|  |TAMS 0x0000000087200000, 0x0000000087200000| Untracked 
|  83|0x0000000087300000, 0x0000000087300000, 0x0000000087400000|  0%| F|  |TAMS 0x0000000087300000, 0x0000000087300000| Untracked 
|  84|0x0000000087400000, 0x0000000087400000, 0x0000000087500000|  0%| F|  |TAMS 0x0000000087400000, 0x0000000087400000| Untracked 
|  85|0x0000000087500000, 0x0000000087500000, 0x0000000087600000|  0%| F|  |TAMS 0x0000000087500000, 0x0000000087500000| Untracked 
|  86|0x0000000087600000, 0x0000000087600000, 0x0000000087700000|  0%| F|  |TAMS 0x0000000087600000, 0x0000000087600000| Untracked 
|  87|0x0000000087700000, 0x0000000087700000, 0x0000000087800000|  0%| F|  |TAMS 0x0000000087700000, 0x0000000087700000| Untracked 
|  88|0x0000000087800000, 0x0000000087800000, 0x0000000087900000|  0%| F|  |TAMS 0x0000000087800000, 0x0000000087800000| Untracked 
|  89|0x0000000087900000, 0x0000000087900000, 0x0000000087a00000|  0%| F|  |TAMS 0x0000000087900000, 0x0000000087900000| Untracked 
|  90|0x0000000087a00000, 0x0000000087a00000, 0x0000000087b00000|  0%| F|  |TAMS 0x0000000087a00000, 0x0000000087a00000| Untracked 
|  91|0x0000000087b00000, 0x0000000087b00000, 0x0000000087c00000|  0%| F|  |TAMS 0x0000000087b00000, 0x0000000087b00000| Untracked 
|  92|0x0000000087c00000, 0x0000000087ce39b8, 0x0000000087d00000| 88%| S|CS|TAMS 0x0000000087c00000, 0x0000000087c00000| Complete 
|  93|0x0000000087d00000, 0x0000000087e00000, 0x0000000087e00000|100%| S|CS|TAMS 0x0000000087d00000, 0x0000000087d00000| Complete 
|  94|0x0000000087e00000, 0x0000000087e00000, 0x0000000087f00000|  0%| F|  |TAMS 0x0000000087e00000, 0x0000000087e00000| Untracked 
|  95|0x0000000087f00000, 0x0000000087f00000, 0x0000000088000000|  0%| F|  |TAMS 0x0000000087f00000, 0x0000000087f00000| Untracked 
|  96|0x0000000088000000, 0x0000000088000000, 0x0000000088100000|  0%| F|  |TAMS 0x0000000088000000, 0x0000000088000000| Untracked 
|  97|0x0000000088100000, 0x0000000088100000, 0x0000000088200000|  0%| F|  |TAMS 0x0000000088100000, 0x0000000088100000| Untracked 
|  98|0x0000000088200000, 0x0000000088200000, 0x0000000088300000|  0%| F|  |TAMS 0x0000000088200000, 0x0000000088200000| Untracked 
|  99|0x0000000088300000, 0x0000000088300000, 0x0000000088400000|  0%| F|  |TAMS 0x0000000088300000, 0x0000000088300000| Untracked 
| 100|0x0000000088400000, 0x0000000088400000, 0x0000000088500000|  0%| F|  |TAMS 0x0000000088400000, 0x0000000088400000| Untracked 
| 101|0x0000000088500000, 0x0000000088500000, 0x0000000088600000|  0%| F|  |TAMS 0x0000000088500000, 0x0000000088500000| Untracked 
| 102|0x0000000088600000, 0x0000000088600000, 0x0000000088700000|  0%| F|  |TAMS 0x0000000088600000, 0x0000000088600000| Untracked 
| 103|0x0000000088700000, 0x0000000088700000, 0x0000000088800000|  0%| F|  |TAMS 0x0000000088700000, 0x0000000088700000| Untracked 
| 104|0x0000000088800000, 0x0000000088800000, 0x0000000088900000|  0%| F|  |TAMS 0x0000000088800000, 0x0000000088800000| Untracked 
| 105|0x0000000088900000, 0x0000000088900000, 0x0000000088a00000|  0%| F|  |TAMS 0x0000000088900000, 0x0000000088900000| Untracked 
| 106|0x0000000088a00000, 0x0000000088a00000, 0x0000000088b00000|  0%| F|  |TAMS 0x0000000088a00000, 0x0000000088a00000| Untracked 
| 107|0x0000000088b00000, 0x0000000088b00000, 0x0000000088c00000|  0%| F|  |TAMS 0x0000000088b00000, 0x0000000088b00000| Untracked 
| 108|0x0000000088c00000, 0x0000000088c00000, 0x0000000088d00000|  0%| F|  |TAMS 0x0000000088c00000, 0x0000000088c00000| Untracked 
| 109|0x0000000088d00000, 0x0000000088d00000, 0x0000000088e00000|  0%| F|  |TAMS 0x0000000088d00000, 0x0000000088d00000| Untracked 
| 110|0x0000000088e00000, 0x0000000088e00000, 0x0000000088f00000|  0%| F|  |TAMS 0x0000000088e00000, 0x0000000088e00000| Untracked 
| 111|0x0000000088f00000, 0x0000000088f00000, 0x0000000089000000|  0%| F|  |TAMS 0x0000000088f00000, 0x0000000088f00000| Untracked 
| 112|0x0000000089000000, 0x0000000089000000, 0x0000000089100000|  0%| F|  |TAMS 0x0000000089000000, 0x0000000089000000| Untracked 
| 113|0x0000000089100000, 0x0000000089100000, 0x0000000089200000|  0%| F|  |TAMS 0x0000000089100000, 0x0000000089100000| Untracked 
| 114|0x0000000089200000, 0x0000000089200000, 0x0000000089300000|  0%| F|  |TAMS 0x0000000089200000, 0x0000000089200000| Untracked 
| 115|0x0000000089300000, 0x0000000089300000, 0x0000000089400000|  0%| F|  |TAMS 0x0000000089300000, 0x0000000089300000| Untracked 
| 116|0x0000000089400000, 0x0000000089400000, 0x0000000089500000|  0%| F|  |TAMS 0x0000000089400000, 0x0000000089400000| Untracked 
| 117|0x0000000089500000, 0x0000000089580810, 0x0000000089600000| 50%| E|  |TAMS 0x0000000089500000, 0x0000000089500000| Complete 
| 118|0x0000000089600000, 0x0000000089700000, 0x0000000089700000|100%| E|CS|TAMS 0x0000000089600000, 0x0000000089600000| Complete 
| 119|0x0000000089700000, 0x0000000089800000, 0x0000000089800000|100%| E|CS|TAMS 0x0000000089700000, 0x0000000089700000| Complete 
| 120|0x0000000089800000, 0x0000000089900000, 0x0000000089900000|100%| E|CS|TAMS 0x0000000089800000, 0x0000000089800000| Complete 
| 121|0x0000000089900000, 0x0000000089a00000, 0x0000000089a00000|100%| E|CS|TAMS 0x0000000089900000, 0x0000000089900000| Complete 
| 122|0x0000000089a00000, 0x0000000089b00000, 0x0000000089b00000|100%| E|CS|TAMS 0x0000000089a00000, 0x0000000089a00000| Complete 
| 123|0x0000000089b00000, 0x0000000089c00000, 0x0000000089c00000|100%| E|CS|TAMS 0x0000000089b00000, 0x0000000089b00000| Complete 
| 124|0x0000000089c00000, 0x0000000089d00000, 0x0000000089d00000|100%| E|CS|TAMS 0x0000000089c00000, 0x0000000089c00000| Complete 
| 125|0x0000000089d00000, 0x0000000089e00000, 0x0000000089e00000|100%| E|CS|TAMS 0x0000000089d00000, 0x0000000089d00000| Complete 

Card table byte_map: [0x000001629f8d0000,0x000001629fcc0000] _byte_map_base: 0x000001629f4c0000

Marking Bits (Prev, Next): (CMBitMap*) 0x000001628867ef10, (CMBitMap*) 0x000001628867ef50
 Prev Bits: [0x00000162a00b0000, 0x00000162a2030000)
 Next Bits: [0x00000162a2030000, 0x00000162a3fb0000)

Polling page: 0x0000016287de0000

Metaspace:

Usage:
  Non-class:      9.90 MB used.
      Class:      1.38 MB used.
       Both:     11.28 MB used.

Virtual space:
  Non-class space:       64.00 MB reserved,       9.94 MB ( 16%) committed,  1 nodes.
      Class space:        1.00 GB reserved,       1.44 MB ( <1%) committed,  1 nodes.
             Both:        1.06 GB reserved,      11.38 MB (  1%) committed. 

Chunk freelists:
   Non-Class:  4.61 MB
       Class:  14.58 MB
        Both:  19.19 MB

MaxMetaspaceSize: unlimited
CompressedClassSpaceSize: 1.00 GB
Initial GC threshold: 21.00 MB
Current GC threshold: 21.00 MB
CDS: on
MetaspaceReclaimPolicy: balanced
 - commit_granule_bytes: 65536.
 - commit_granule_words: 8192.
 - virtual_space_node_default_size: 8388608.
 - enlarge_chunks_in_place: 1.
 - new_chunks_are_fully_committed: 0.
 - uncommit_free_chunks: 1.
 - use_allocation_guard: 0.
 - handle_deallocations: 1.


Internal statistics:

num_allocs_failed_limit: 0.
num_arena_births: 62.
num_arena_deaths: 0.
num_vsnodes_births: 2.
num_vsnodes_deaths: 0.
num_space_committed: 182.
num_space_uncommitted: 0.
num_chunks_returned_to_freelist: 0.
num_chunks_taken_from_freelist: 455.
num_chunk_merges: 0.
num_chunk_splits: 317.
num_chunks_enlarged: 261.
num_inconsistent_stats: 0.

CodeHeap 'non-profiled nmethods': size=120000Kb used=751Kb max_used=751Kb free=119248Kb
 bounds [0x0000016297c80000, 0x0000016297ef0000, 0x000001629f1b0000]
CodeHeap 'profiled nmethods': size=120000Kb used=4130Kb max_used=4130Kb free=115869Kb
 bounds [0x00000162901b0000, 0x00000162905c0000, 0x00000162976e0000]
CodeHeap 'non-nmethods': size=5760Kb used=1157Kb max_used=1182Kb free=4602Kb
 bounds [0x00000162976e0000, 0x0000016297950000, 0x0000016297c80000]
 total_blobs=2499 nmethods=2055 adapters=356
 compilation: enabled
              stopped_count=0, restarted_count=0
 full_count=0

Compilation events (20 events):
Event: 4.295 Thread 0x00000162a69e4770 1993       3       com.google.common.base.Stopwatch::start (35 bytes)
Event: 4.296 Thread 0x00000162a69e4770 nmethod 1993 0x0000016290597390 code [0x0000016290597560, 0x00000162905979f8]
Event: 4.296 Thread 0x00000162a69e4770 1994       3       com.google.common.collect.RegularImmutableList::size (6 bytes)
Event: 4.296 Thread 0x00000162a69e4770 nmethod 1994 0x0000016290597c10 code [0x0000016290597da0, 0x0000016290597eb8]
Event: 4.297 Thread 0x00000162a69e4770 1995       3       com.google.inject.internal.asm.$SymbolTable::get (13 bytes)
Event: 4.297 Thread 0x00000162a69e4770 nmethod 1995 0x0000016290597f90 code [0x0000016290598120, 0x0000016290598278]
Event: 4.297 Thread 0x00000162a69e4770 1996       3       com.google.inject.internal.asm.$ByteVector::putUTF8 (144 bytes)
Event: 4.299 Thread 0x00000162a69e4770 nmethod 1996 0x0000016290598390 code [0x0000016290598600, 0x0000016290599168]
Event: 4.300 Thread 0x00000162a69e4770 1997       3       com.google.inject.internal.asm.$ByteVector::putByte (39 bytes)
Event: 4.300 Thread 0x00000162a69e4770 nmethod 1997 0x0000016290599690 code [0x0000016290599840, 0x0000016290599a28]
Event: 4.300 Thread 0x00000162a69e4770 1998       3       com.google.inject.internal.asm.$SymbolTable::hash (10 bytes)
Event: 4.300 Thread 0x00000162a69e4770 nmethod 1998 0x0000016290599b90 code [0x0000016290599d20, 0x0000016290599e48]
Event: 4.302 Thread 0x00000162a69e4770 1999       1       com.google.inject.spi.InjectionPoint::getMember (5 bytes)
Event: 4.302 Thread 0x00000162a69e4770 nmethod 1999 0x0000016297d3a710 code [0x0000016297d3a8a0, 0x0000016297d3a978]
Event: 4.303 Thread 0x00000162a69e4770 2000       3       com.google.inject.internal.asm.$Symbol::<init> (38 bytes)
Event: 4.304 Thread 0x00000162a69e4770 nmethod 2000 0x0000016290599f10 code [0x000001629059a0c0, 0x000001629059a358]
Event: 4.305 Thread 0x00000162a69e4770 2001       3       com.google.inject.internal.asm.$SymbolTable::put (150 bytes)
Event: 4.305 Thread 0x00000162a69e4770 nmethod 2001 0x000001629059a490 code [0x000001629059a680, 0x000001629059af18]
Event: 4.305 Thread 0x00000162a69e4770 2002       1       java.lang.AbstractStringBuilder::length (5 bytes)
Event: 4.306 Thread 0x00000162a69e4770 nmethod 2002 0x0000016297d3aa10 code [0x0000016297d3aba0, 0x0000016297d3ac78]

GC Heap History (4 events):
Event: 2.305 GC heap before
{Heap before GC invocations=0 (full 0):
 garbage-first heap   total 129024K, used 22528K [0x0000000082000000, 0x0000000100000000)
  region size 1024K, 23 young (23552K), 0 survivors (0K)
 Metaspace       used 5666K, committed 5824K, reserved 1114112K
  class space    used 674K, committed 768K, reserved 1048576K
}
Event: 2.387 GC heap after
{Heap after GC invocations=1 (full 0):
 garbage-first heap   total 129024K, used 3796K [0x0000000082000000, 0x0000000100000000)
  region size 1024K, 3 young (3072K), 3 survivors (3072K)
 Metaspace       used 5666K, committed 5824K, reserved 1114112K
  class space    used 674K, committed 768K, reserved 1048576K
}
Event: 3.872 GC heap before
{Heap before GC invocations=1 (full 0):
 garbage-first heap   total 129024K, used 33492K [0x0000000082000000, 0x0000000100000000)
  region size 1024K, 32 young (32768K), 3 survivors (3072K)
 Metaspace       used 9960K, committed 10112K, reserved 1114112K
  class space    used 1209K, committed 1280K, reserved 1048576K
}
Event: 3.885 GC heap after
{Heap after GC invocations=2 (full 0):
 garbage-first heap   total 129024K, used 5565K [0x0000000082000000, 0x0000000100000000)
  region size 1024K, 2 young (2048K), 2 survivors (2048K)
 Metaspace       used 9960K, committed 10112K, reserved 1114112K
  class space    used 1209K, committed 1280K, reserved 1048576K
}

Dll operation events (8 events):
Event: 0.012 Loaded shared library C:\Program Files\Java\zulu17.44.15-ca-jdk17.0.8-win_x64\bin\java.dll
Event: 0.047 Loaded shared library C:\Program Files\Java\zulu17.44.15-ca-jdk17.0.8-win_x64\bin\jsvml.dll
Event: 0.091 Loaded shared library C:\Program Files\Java\zulu17.44.15-ca-jdk17.0.8-win_x64\bin\net.dll
Event: 0.094 Loaded shared library C:\Program Files\Java\zulu17.44.15-ca-jdk17.0.8-win_x64\bin\nio.dll
Event: 0.099 Loaded shared library C:\Program Files\Java\zulu17.44.15-ca-jdk17.0.8-win_x64\bin\zip.dll
Event: 0.359 Loaded shared library C:\Program Files\Java\zulu17.44.15-ca-jdk17.0.8-win_x64\bin\jimage.dll
Event: 0.370 Loaded shared library C:\Users\Gabriel Xavier\Downloads\apache-maven-3.9.6\lib\jansi-native\Windows\x86_64\jansi.dll
Event: 0.393 Loaded shared library C:\Program Files\Java\zulu17.44.15-ca-jdk17.0.8-win_x64\bin\verify.dll

Deoptimization events (20 events):
Event: 3.927 Thread 0x0000016288624900 DEOPT PACKING pc=0x0000016297d29410 sp=0x0000005d157fd700
Event: 3.927 Thread 0x0000016288624900 DEOPT UNPACKING pc=0x00000162977369a3 sp=0x0000005d157fd6b0 mode 2
Event: 3.927 Thread 0x0000016288624900 Uncommon trap: trap_request=0xffffffd6 fr.pc=0x0000016297d29410 relative=0x0000000000000170
Event: 3.927 Thread 0x0000016288624900 Uncommon trap: reason=array_check action=maybe_recompile pc=0x0000016297d29410 method=java.util.stream.Nodes$FixedNodeBuilder.accept(Ljava/lang/Object;)V @ 28 c2
Event: 3.927 Thread 0x0000016288624900 DEOPT PACKING pc=0x0000016297d29410 sp=0x0000005d157fd700
Event: 3.927 Thread 0x0000016288624900 DEOPT UNPACKING pc=0x00000162977369a3 sp=0x0000005d157fd6b0 mode 2
Event: 4.015 Thread 0x0000016288624900 Uncommon trap: trap_request=0xffffff45 fr.pc=0x0000016297cc1588 relative=0x0000000000000268
Event: 4.015 Thread 0x0000016288624900 Uncommon trap: reason=unstable_if action=reinterpret pc=0x0000016297cc1588 method=java.util.concurrent.ConcurrentHashMap.get(Ljava/lang/Object;)Ljava/lang/Object; @ 76 c2
Event: 4.015 Thread 0x0000016288624900 DEOPT PACKING pc=0x0000016297cc1588 sp=0x0000005d157fab40
Event: 4.015 Thread 0x0000016288624900 DEOPT UNPACKING pc=0x00000162977369a3 sp=0x0000005d157faab8 mode 2
Event: 4.058 Thread 0x0000016288624900 Uncommon trap: trap_request=0xffffff45 fr.pc=0x0000016297cfd19c relative=0x000000000000017c
Event: 4.058 Thread 0x0000016288624900 Uncommon trap: reason=unstable_if action=reinterpret pc=0x0000016297cfd19c method=java.lang.ClassLoader.checkName(Ljava/lang/String;)Z @ 1 c2
Event: 4.058 Thread 0x0000016288624900 DEOPT PACKING pc=0x0000016297cfd19c sp=0x0000005d157fd310
Event: 4.058 Thread 0x0000016288624900 DEOPT UNPACKING pc=0x00000162977369a3 sp=0x0000005d157fd2a8 mode 2
Event: 4.060 Thread 0x0000016288624900 Uncommon trap: trap_request=0xffffff45 fr.pc=0x0000016297c8a4b8 relative=0x0000000000000038
Event: 4.060 Thread 0x0000016288624900 Uncommon trap: reason=unstable_if action=reinterpret pc=0x0000016297c8a4b8 method=java.lang.StringLatin1.canEncode(I)Z @ 4 c2
Event: 4.060 Thread 0x0000016288624900 DEOPT PACKING pc=0x0000016297c8a4b8 sp=0x0000005d157fd460
Event: 4.060 Thread 0x0000016288624900 DEOPT UNPACKING pc=0x00000162977369a3 sp=0x0000005d157fd3f0 mode 2
Event: 4.155 Thread 0x0000016288624900 DEOPT PACKING pc=0x0000016290548264 sp=0x0000005d157fd7b0
Event: 4.156 Thread 0x0000016288624900 DEOPT UNPACKING pc=0x0000016297737143 sp=0x0000005d157fcd10 mode 0

Classes unloaded (0 events):
No events

Classes redefined (0 events):
No events

Internal exceptions (20 events):
Event: 0.389 Thread 0x0000016288624900 Exception <a 'sun/nio/fs/WindowsException'{0x000000008998c4b0}> (0x000000008998c4b0) 
thrown [s\src\hotspot\share\prims\jni.cpp, line 516]
Event: 0.389 Thread 0x0000016288624900 Exception <a 'sun/nio/fs/WindowsException'{0x000000008998c9b8}> (0x000000008998c9b8) 
thrown [s\src\hotspot\share\prims\jni.cpp, line 516]
Event: 0.389 Thread 0x0000016288624900 Exception <a 'sun/nio/fs/WindowsException'{0x000000008998ce80}> (0x000000008998ce80) 
thrown [s\src\hotspot\share\prims\jni.cpp, line 516]
Event: 0.438 Thread 0x0000016288624900 Exception <a 'java/lang/NoSuchMethodError'{0x000000008980bab8}: 'void java.lang.invoke.DirectMethodHandle$Holder.invokeStatic(java.lang.Object, java.lang.Object, java.lang.Object)'> (0x000000008980bab8) 
thrown [s\src\hotspot\share\interpreter\linkResolver.cpp, line 759]
Event: 0.465 Thread 0x0000016288624900 Exception <a 'java/lang/NoSuchMethodError'{0x0000000089867d40}: 'int java.lang.invoke.DirectMethodHandle$Holder.invokeStatic(java.lang.Object, java.lang.Object, int)'> (0x0000000089867d40) 
thrown [s\src\hotspot\share\interpreter\linkResolver.cpp, line 759]
Event: 0.717 Thread 0x0000016288624900 Exception <a 'java/lang/NoSuchMethodError'{0x00000000897e1390}: 'java.lang.Object java.lang.invoke.DirectMethodHandle$Holder.invokeSpecialIFC(java.lang.Object, java.lang.Object, java.lang.Object, java.lang.Object)'> (0x00000000897e1390) 
thrown [s\src\hotspot\share\interpreter\linkResolver.cpp, line 759]
Event: 1.220 Thread 0x0000016288624900 Exception <a 'java/lang/NoSuchMethodError'{0x0000000089176ba0}: 'java.lang.Object java.lang.invoke.DirectMethodHandle$Holder.invokeStaticInit(java.lang.Object)'> (0x0000000089176ba0) 
thrown [s\src\hotspot\share\interpreter\linkResolver.cpp, line 759]
Event: 1.228 Thread 0x0000016288624900 Exception <a 'java/lang/NoSuchMethodError'{0x00000000891936e0}: 'void java.lang.invoke.DirectMethodHandle$Holder.invokeSpecial(java.lang.Object, java.lang.Object, java.lang.Object)'> (0x00000000891936e0) 
thrown [s\src\hotspot\share\interpreter\linkResolver.cpp, line 759]
Event: 1.314 Thread 0x0000016288624900 Exception <a 'java/lang/NoSuchMethodError'{0x00000000890efae8}: 'java.lang.Object java.lang.invoke.DirectMethodHandle$Holder.invokeInterface(java.lang.Object, java.lang.Object)'> (0x00000000890efae8) 
thrown [s\src\hotspot\share\interpreter\linkResolver.cpp, line 759]
Event: 1.360 Thread 0x0000016288624900 Exception <a 'java/lang/NoSuchMethodError'{0x0000000088f97060}: 'java.lang.Object java.lang.invoke.Invokers$Holder.invokeExact_MT(java.lang.Object, java.lang.Object, java.lang.Object, java.lang.Object, java.lang.Object, java.lang.Object)'> (0x0000000088f97060) 
thrown [s\src\hotspot\share\interpreter\linkResolver.cpp, line 759]
Event: 1.369 Thread 0x0000016288624900 Exception <a 'java/lang/NoSuchMethodError'{0x0000000088fa84e0}: 'int java.lang.invoke.DirectMethodHandle$Holder.invokeSpecialIFC(java.lang.Object, java.lang.Object, java.lang.Object, java.lang.Object, java.lang.Object)'> (0x0000000088fa84e0) 
thrown [s\src\hotspot\share\interpreter\linkResolver.cpp, line 759]
Event: 1.499 Thread 0x0000016288624900 Exception <a 'java/lang/NoSuchMethodError'{0x0000000088d47a48}: 'java.lang.Object java.lang.invoke.DirectMethodHandle$Holder.newInvokeSpecial(java.lang.Object, java.lang.Object, java.lang.Object, java.lang.Object, java.lang.Object)'> (0x0000000088d47a48) 
thrown [s\src\hotspot\share\interpreter\linkResolver.cpp, line 759]
Event: 1.577 Thread 0x0000016288624900 Exception <a 'java/lang/NoSuchMethodError'{0x0000000088c4b460}: 'int java.lang.invoke.DirectMethodHandle$Holder.invokeStaticInit(java.lang.Object, java.lang.Object)'> (0x0000000088c4b460) 
thrown [s\src\hotspot\share\interpreter\linkResolver.cpp, line 759]
Event: 1.610 Thread 0x0000016288624900 Exception <a 'java/lang/NoClassDefFoundError'{0x0000000088c84560}: javax/enterprise/inject/Typed> (0x0000000088c84560) 
thrown [s\src\hotspot\share\classfile\systemDictionary.cpp, line 248]
Event: 4.005 Thread 0x0000016288624900 Exception <a 'java/lang/NoSuchMethodError'{0x0000000089a845a0}: 'void java.lang.invoke.DirectMethodHandle$Holder.invokeStaticInit(java.lang.Object, java.lang.Object, java.lang.Object)'> (0x0000000089a845a0) 
thrown [s\src\hotspot\share\interpreter\linkResolver.cpp, line 759]
Event: 4.012 Thread 0x0000016288624900 Exception <a 'java/lang/ExceptionInInitializerError'{0x0000000089aaf958}> (0x0000000089aaf958) 
thrown [s\src\hotspot\share\oops\instanceKlass.cpp, line 1218]
Event: 4.058 Thread 0x0000016288624900 Implicit null exception at 0x0000016297cfd02f to 0x0000016297cfd18c
Event: 4.062 Thread 0x0000016288624900 Exception <a 'java/lang/NoSuchMethodError'{0x00000000899be758}: 'java.lang.Object java.lang.invoke.Invokers$Holder.invokeExact_MT(java.lang.Object, int, java.lang.Object)'> (0x00000000899be758) 
thrown [s\src\hotspot\share\interpreter\linkResolver.cpp, line 759]
Event: 4.090 Thread 0x0000016288624900 Exception <a 'java/lang/NoSuchMethodError'{0x0000000089843030}: 'void java.lang.invoke.DirectMethodHandle$Holder.invokeStatic(java.lang.Object, java.lang.Object)'> (0x0000000089843030) 
thrown [s\src\hotspot\share\interpreter\linkResolver.cpp, line 759]
Event: 4.095 Thread 0x0000016288624900 Exception <a 'java/lang/NoSuchMethodError'{0x0000000089852d30}: 'int java.lang.invoke.DirectMethodHandle$Holder.invokeSpecial(java.lang.Object, java.lang.Object, java.lang.Object, java.lang.Object)'> (0x0000000089852d30) 
thrown [s\src\hotspot\share\interpreter\linkResolver.cpp, line 759]

VM Operations (20 events):
Event: 0.775 Executing VM operation: HandshakeAllThreads
Event: 0.775 Executing VM operation: HandshakeAllThreads done
Event: 1.780 Executing VM operation: Cleanup
Event: 1.802 Executing VM operation: Cleanup done
Event: 2.305 Executing VM operation: G1CollectForAllocation
Event: 2.388 Executing VM operation: G1CollectForAllocation done
Event: 3.369 Executing VM operation: HandshakeAllThreads
Event: 3.369 Executing VM operation: HandshakeAllThreads done
Event: 3.608 Executing VM operation: HandshakeAllThreads
Event: 3.608 Executing VM operation: HandshakeAllThreads done
Event: 3.608 Executing VM operation: Cleanup
Event: 3.609 Executing VM operation: Cleanup done
Event: 3.872 Executing VM operation: G1CollectForAllocation
Event: 3.885 Executing VM operation: G1CollectForAllocation done
Event: 4.019 Executing VM operation: HandshakeAllThreads
Event: 4.020 Executing VM operation: HandshakeAllThreads done
Event: 4.151 Executing VM operation: HandshakeAllThreads
Event: 4.151 Executing VM operation: HandshakeAllThreads done
Event: 4.154 Executing VM operation: HandshakeAllThreads
Event: 4.154 Executing VM operation: HandshakeAllThreads done

Events (20 events):
Event: 3.736 loading class java/util/concurrent/CompletionService
Event: 3.736 loading class java/util/concurrent/CompletionService done
Event: 3.864 loading class sun/reflect/generics/repository/FieldRepository
Event: 3.864 loading class sun/reflect/generics/repository/FieldRepository done
Event: 3.908 loading class java/io/UncheckedIOException
Event: 3.908 loading class java/io/UncheckedIOException done
Event: 3.912 Thread 0x00000162ec6a6140 Thread exited: 0x00000162ec6a6140
Event: 3.922 loading class java/util/concurrent/atomic/AtomicBoolean
Event: 3.922 loading class java/util/concurrent/atomic/AtomicBoolean done
Event: 3.928 loading class java/nio/channels/OverlappingFileLockException
Event: 3.928 loading class java/nio/channels/OverlappingFileLockException done
Event: 3.928 loading class java/nio/channels/FileLock
Event: 3.928 loading class java/nio/channels/FileLock done
Event: 3.958 loading class java/nio/file/AccessDeniedException
Event: 3.958 loading class java/nio/file/AccessDeniedException done
Event: 4.009 loading class java/lang/ExceptionInInitializerError
Event: 4.009 loading class java/lang/ExceptionInInitializerError done
Event: 4.012 Thread 0x00000162ec7f5fe0 Thread added: 0x00000162ec7f5fe0
Event: 4.014 loading class jdk/internal/vm/annotation/ForceInline
Event: 4.014 loading class jdk/internal/vm/annotation/ForceInline done


Dynamic libraries:
0x00007ff6c9550000 - 0x00007ff6c955e000 	C:\Program Files\Java\zulu17.44.15-ca-jdk17.0.8-win_x64\bin\java.exe
0x00007ffa1f3b0000 - 0x00007ffa1f5a8000 	C:\Windows\SYSTEM32\ntdll.dll
0x00007ffa1e9d0000 - 0x00007ffa1ea91000 	C:\Windows\System32\KERNEL32.DLL
0x00007ffa1cd40000 - 0x00007ffa1d036000 	C:\Windows\System32\KERNELBASE.dll
0x00007ffa1d0b0000 - 0x00007ffa1d1b0000 	C:\Windows\System32\ucrtbase.dll
0x00007ff9f43f0000 - 0x00007ff9f440b000 	C:\Program Files\Java\zulu17.44.15-ca-jdk17.0.8-win_x64\bin\VCRUNTIME140.dll
0x00007ff9f0240000 - 0x00007ff9f0259000 	C:\Program Files\Java\zulu17.44.15-ca-jdk17.0.8-win_x64\bin\jli.dll
0x00007ffa1e7b0000 - 0x00007ffa1e94f000 	C:\Windows\System32\USER32.dll
0x00007ffa1d260000 - 0x00007ffa1d282000 	C:\Windows\System32\win32u.dll
0x00007ffa11600000 - 0x00007ffa1189a000 	C:\Windows\WinSxS\amd64_microsoft.windows.common-controls_6595b64144ccf1df_6.0.19041.4355_none_60b8b9eb71f62e16\COMCTL32.dll
0x00007ffa1e090000 - 0x00007ffa1e0bb000 	C:\Windows\System32\GDI32.dll
0x00007ffa1eca0000 - 0x00007ffa1ed3e000 	C:\Windows\System32\msvcrt.dll
0x00007ffa1d2c0000 - 0x00007ffa1d3d7000 	C:\Windows\System32\gdi32full.dll
0x00007ffa1cca0000 - 0x00007ffa1cd3d000 	C:\Windows\System32\msvcp_win.dll
0x00007ffa1eaa0000 - 0x00007ffa1eacf000 	C:\Windows\System32\IMM32.DLL
0x00007ffa0abf0000 - 0x00007ffa0abfc000 	C:\Program Files\Java\zulu17.44.15-ca-jdk17.0.8-win_x64\bin\vcruntime140_1.dll
0x00007ff9ebcb0000 - 0x00007ff9ebd3d000 	C:\Program Files\Java\zulu17.44.15-ca-jdk17.0.8-win_x64\bin\msvcp140.dll
0x00007ff9bd680000 - 0x00007ff9be2e8000 	C:\Program Files\Java\zulu17.44.15-ca-jdk17.0.8-win_x64\bin\server\jvm.dll
0x00007ffa1e6a0000 - 0x00007ffa1e750000 	C:\Windows\System32\ADVAPI32.dll
0x00007ffa1dff0000 - 0x00007ffa1e090000 	C:\Windows\System32\sechost.dll
0x00007ffa1e570000 - 0x00007ffa1e693000 	C:\Windows\System32\RPCRT4.dll
0x00007ffa1d290000 - 0x00007ffa1d2b7000 	C:\Windows\System32\bcrypt.dll
0x00007ffa1bfa0000 - 0x00007ffa1bfeb000 	C:\Windows\SYSTEM32\POWRPROF.dll
0x00007ffa0e1a0000 - 0x00007ffa0e1a9000 	C:\Windows\SYSTEM32\WSOCK32.dll
0x00007ffa1e950000 - 0x00007ffa1e9bb000 	C:\Windows\System32\WS2_32.dll
0x00007ffa10cb0000 - 0x00007ffa10cd7000 	C:\Windows\SYSTEM32\WINMM.dll
0x00007ffa15ae0000 - 0x00007ffa15aea000 	C:\Windows\SYSTEM32\VERSION.dll
0x00007ffa1be10000 - 0x00007ffa1be22000 	C:\Windows\SYSTEM32\UMPDC.dll
0x00007ffa1b280000 - 0x00007ffa1b292000 	C:\Windows\SYSTEM32\kernel.appcore.dll
0x00007ffa09f70000 - 0x00007ffa09f7a000 	C:\Program Files\Java\zulu17.44.15-ca-jdk17.0.8-win_x64\bin\jimage.dll
0x00007ffa1af40000 - 0x00007ffa1b124000 	C:\Windows\SYSTEM32\DBGHELP.DLL
0x00007ff9f7680000 - 0x00007ff9f76b4000 	C:\Windows\SYSTEM32\dbgcore.DLL
0x00007ffa1ca60000 - 0x00007ffa1cae2000 	C:\Windows\System32\bcryptPrimitives.dll
0x00007ff9f0210000 - 0x00007ff9f0235000 	C:\Program Files\Java\zulu17.44.15-ca-jdk17.0.8-win_x64\bin\java.dll
0x00007ff9ebbd0000 - 0x00007ff9ebca7000 	C:\Program Files\Java\zulu17.44.15-ca-jdk17.0.8-win_x64\bin\jsvml.dll
0x00007ffa1d560000 - 0x00007ffa1dccc000 	C:\Windows\System32\SHELL32.dll
0x00007ffa1a6d0000 - 0x00007ffa1ae6e000 	C:\Windows\SYSTEM32\windows.storage.dll
0x00007ffa1e130000 - 0x00007ffa1e483000 	C:\Windows\System32\combase.dll
0x00007ffa1c480000 - 0x00007ffa1c4ae000 	C:\Windows\SYSTEM32\Wldp.dll
0x00007ffa1d3e0000 - 0x00007ffa1d4ad000 	C:\Windows\System32\OLEAUT32.dll
0x00007ffa1ead0000 - 0x00007ffa1eb7d000 	C:\Windows\System32\SHCORE.dll
0x00007ffa1dd50000 - 0x00007ffa1dda5000 	C:\Windows\System32\shlwapi.dll
0x00007ffa1c990000 - 0x00007ffa1c9b4000 	C:\Windows\SYSTEM32\profapi.dll
0x00007ff9efc10000 - 0x00007ff9efc29000 	C:\Program Files\Java\zulu17.44.15-ca-jdk17.0.8-win_x64\bin\net.dll
0x00007ffa15420000 - 0x00007ffa1552a000 	C:\Windows\SYSTEM32\WINHTTP.dll
0x00007ffa1c190000 - 0x00007ffa1c1fa000 	C:\Windows\system32\mswsock.dll
0x00007ff9efbf0000 - 0x00007ff9efc06000 	C:\Program Files\Java\zulu17.44.15-ca-jdk17.0.8-win_x64\bin\nio.dll
0x00007ff9efbd0000 - 0x00007ff9efbe8000 	C:\Program Files\Java\zulu17.44.15-ca-jdk17.0.8-win_x64\bin\zip.dll
0x0000000069ac0000 - 0x0000000069ae4000 	C:\Users\Gabriel Xavier\Downloads\apache-maven-3.9.6\lib\jansi-native\Windows\x86_64\jansi.dll
0x00007ffa14870000 - 0x00007ffa14880000 	C:\Program Files\Java\zulu17.44.15-ca-jdk17.0.8-win_x64\bin\verify.dll

dbghelp: loaded successfully - version: 4.0.5 - missing functions: none
symbol engine: initialized successfully - sym options: 0x614 - pdb path: .;C:\Program Files\Java\zulu17.44.15-ca-jdk17.0.8-win_x64\bin;C:\Windows\SYSTEM32;C:\Windows\WinSxS\amd64_microsoft.windows.common-controls_6595b64144ccf1df_6.0.19041.4355_none_60b8b9eb71f62e16;C:\Program Files\Java\zulu17.44.15-ca-jdk17.0.8-win_x64\bin\server;C:\Users\Gabriel Xavier\Downloads\apache-maven-3.9.6\lib\jansi-native\Windows\x86_64

VM Arguments:
jvm_args: -Dclassworlds.conf=C:\Users\Gabriel Xavier\Downloads\apache-maven-3.9.6\bin\m2.conf -Dmaven.home=C:\Users\Gabriel Xavier\Downloads\apache-maven-3.9.6 -Dlibrary.jansi.path=C:\Users\Gabriel Xavier\Downloads\apache-maven-3.9.6\lib\jansi-native -Dmaven.multiModuleProjectDirectory=e:\IFPB\gustavop6\ejp-com-mensageria\pratica-ejb-2-bancos 
java_command: org.codehaus.plexus.classworlds.launcher.Launcher -q help:effective-pom -Doutput=e:\IFPB\gustavop6\ejp-com-mensageria\pratica-ejb-2-bancos\effective-pom.xml -f e:/IFPB/gustavop6/ejp-com-mensageria/pratica-ejb-2-bancos/pom.xml
java_class_path (initial): C:\Users\Gabriel Xavier\Downloads\apache-maven-3.9.6\boot\plexus-classworlds-2.7.0.jar
Launcher Type: SUN_STANDARD

[Global flags]
     intx CICompilerCount                          = 4                                         {product} {ergonomic}
     uint ConcGCThreads                            = 2                                         {product} {ergonomic}
     uint G1ConcRefinementThreads                  = 8                                         {product} {ergonomic}
   size_t G1HeapRegionSize                         = 1048576                                   {product} {ergonomic}
    uintx GCDrainStackTargetSize                   = 64                                        {product} {ergonomic}
   size_t InitialHeapSize                          = 132120576                                 {product} {ergonomic}
   size_t MarkStackSize                            = 4194304                                   {product} {ergonomic}
   size_t MaxHeapSize                              = 2113929216                                {product} {ergonomic}
   size_t MaxNewSize                               = 1267728384                                {product} {ergonomic}
   size_t MinHeapDeltaBytes                        = 1048576                                   {product} {ergonomic}
   size_t MinHeapSize                              = 8388608                                   {product} {ergonomic}
    uintx NonNMethodCodeHeapSize                   = 5839372                                {pd product} {ergonomic}
    uintx NonProfiledCodeHeapSize                  = 122909434                              {pd product} {ergonomic}
    uintx ProfiledCodeHeapSize                     = 122909434                              {pd product} {ergonomic}
    uintx ReservedCodeCacheSize                    = 251658240                              {pd product} {ergonomic}
     bool SegmentedCodeCache                       = true                                      {product} {ergonomic}
   size_t SoftMaxHeapSize                          = 2113929216                             {manageable} {ergonomic}
     bool UseCompressedClassPointers               = true                           {product lp64_product} {ergonomic}
     bool UseCompressedOops                        = true                           {product lp64_product} {ergonomic}
     bool UseG1GC                                  = true                                      {product} {ergonomic}
     bool UseLargePagesIndividualAllocation        = false                                  {pd product} {ergonomic}

Logging:
Log output configuration:
 #0: stdout all=warning uptime,level,tags
 #1: stderr all=off uptime,level,tags

Environment Variables:
JAVA_HOME=C:\Program Files\Java\zulu17.44.15-ca-jdk17.0.8-win_x64
PATH=C:\Program Files\Eclipse Adoptium\jdk-17.0.8.101-hotspot\bin;C:\Program Files\Java\zulu17.44.15-ca-jdk17.0.8-win_x64\bin;C:\Python311\Scripts\;C:\Python311\;C:\Program Files (x86)\Common Files\Oracle\Java\javapath;C:\Windows\system32;C:\Windows;C:\Windows\System32\Wbem;C:\Windows\System32\WindowsPowerShell\v1.0\;C:\Windows\System32\OpenSSH\;C:\Program Files\Microsoft SQL Server\Client SDK\ODBC\170\Tools\Binn\;E:\Program Files (x86)\Microsoft SQL Server\150\Tools\Binn\;C:\Program Files\Microsoft SQL Server\150\Tools\Binn\;C:\Program Files\Microsoft SQL Server\150\DTS\Binn\;C:\Program Files\Azure Data Studio\bin;C:\ProgramData\chocolatey\bin;C:\Program Files (x86)\Yarn\bin\;E:\nodejs\;E:\Git\cmd;E:\Ruby32-x64\bin;C:\Ruby32-x64\bin;C:\Program Files\MySQL\MySQL Shell 8.0\bin\;C:\Users\Gabriel Xavier\AppData\Local\Microsoft\WindowsApps;E:\Microsoft VS Code\bin;C:\Program Files\Azure Data Studio\bin;C:\Users\Gabriel Xavier\AppData\Local\Yarn\bin;C:\Users\Gabriel Xavier\AppData\Roaming\npm;C:\Users\Gabriel Xavier\Downloads\apache-maven-3.9.6\bin
USERNAME=Gabriel Xavier
OS=Windows_NT
PROCESSOR_IDENTIFIER=Intel64 Family 6 Model 142 Stepping 10, GenuineIntel
TMP=C:\Users\GABRIE~1\AppData\Local\Temp
TEMP=C:\Users\GABRIE~1\AppData\Local\Temp



---------------  S Y S T E M  ---------------

OS:
 Windows 10 , 64 bit Build 19041 (10.0.19041.4597)
OS uptime: 5 days 11:08 hours
Hyper-V role detected

CPU: total 8 (initial active 8) (4 cores per cpu, 2 threads per core) family 6 model 142 stepping 10 microcode 0xd6, cx8, cmov, fxsr, ht, mmx, 3dnowpref, sse, sse2, sse3, ssse3, sse4.1, sse4.2, popcnt, lzcnt, tsc, tscinvbit, avx, avx2, aes, erms, clmul, bmi1, bmi2, adx, fma, vzeroupper, clflush, clflushopt, hv
Processor Information for all 8 processors :
  Max Mhz: 1992, Current Mhz: 1792, Mhz Limit: 1792

Memory: 4k page, system-wide physical 8056M (458M free)
TotalPageFile size 22286M (AvailPageFile size 0M)
current process WorkingSet (physical memory assigned to process): 106M, peak: 108M
current process commit charge ("private bytes"): 241M, peak: 243M

vm_info: OpenJDK 64-Bit Server VM (17.0.8+7-LTS) for windows-amd64 JRE (17.0.8+7-LTS) (Zulu17.44+15-CA), built on Jul  5 2023 07:56:11 by "zulu_re" with MS VC++ 16.10 / 16.11 (VS2019)

END.
